<?xml version="1.0" encoding="UTF-8"?>
<!-- Generated by org.testng.reporters.JUnitReportReporter -->
<testsuite hostname="MacBook-Pro.localdomain" failures="0" tests="1" name="earth.cassidy.gardeningcontroller.AppTest" time="0.008" errors="0" timestamp="2020-12-13T19:57:38 PST" skipped="0">
  <testcase classname="earth.cassidy.gardeningcontroller.AppTest" name="shouldAnswerWithTrue" time="0.008"/>
  <system-out/>
</testsuite> <!-- earth.cassidy.gardeningcontroller.AppTest -->
