<?xml version="1.0" encoding="UTF-8"?>
<testsuite xmlns:xsi="http://www.w3.org/2001/XMLSchema-instance" xsi:noNamespaceSchemaLocation="https://maven.apache.org/surefire/maven-surefire-plugin/xsd/surefire-test-report.xsd" name="TestSuite" time="0.425" tests="6" errors="0" skipped="0" failures="0">
  <properties>
    <property name="java.specification.version" value="18"/>
    <property name="sun.jnu.encoding" value="UTF-8"/>
    <property name="java.class.path" value="/Users/jc/dev/GardeningController/GardeningController/target/test-classes:/Users/jc/dev/GardeningController/GardeningController/target/classes:/Users/jc/.m2/repository/com/google/auto/value/auto-value-annotations/1.6/auto-value-annotations-1.6.jar:/Users/jc/.m2/repository/com/google/auto/value/auto-value/1.7.4/auto-value-1.7.4.jar:/Users/jc/.m2/repository/com/fasterxml/jackson/core/jackson-databind/2.12.0/jackson-databind-2.12.0.jar:/Users/jc/.m2/repository/com/fasterxml/jackson/core/jackson-annotations/2.12.0/jackson-annotations-2.12.0.jar:/Users/jc/.m2/repository/com/fasterxml/jackson/core/jackson-core/2.12.0/jackson-core-2.12.0.jar:/Users/jc/.m2/repository/com/fasterxml/jackson/datatype/jackson-datatype-jsr310/2.13.4/jackson-datatype-jsr310-2.13.4.jar:/Users/jc/.m2/repository/log4j/log4j/1.2.17/log4j-1.2.17.jar:/Users/jc/.m2/repository/com/google/guava/guava-annotations/r03/guava-annotations-r03.jar:/Users/jc/.m2/repository/org/testng/testng/7.3.0/testng-7.3.0.jar:/Users/jc/.m2/repository/com/beust/jcommander/1.78/jcommander-1.78.jar:/Users/jc/.m2/repository/org/apache/ant/ant/1.10.3/ant-1.10.3.jar:/Users/jc/.m2/repository/org/apache/ant/ant-launcher/1.10.3/ant-launcher-1.10.3.jar:/Users/jc/.m2/repository/junit/junit/4.12/junit-4.12.jar:/Users/jc/.m2/repository/org/hamcrest/hamcrest-core/1.3/hamcrest-core-1.3.jar:/Users/jc/.m2/repository/com/google/inject/guice/4.2.2/guice-4.2.2-no_aop.jar:/Users/jc/.m2/repository/javax/inject/javax.inject/1/javax.inject-1.jar:/Users/jc/.m2/repository/aopalliance/aopalliance/1.0/aopalliance-1.0.jar:/Users/jc/.m2/repository/com/google/guava/guava/25.1-android/guava-25.1-android.jar:/Users/jc/.m2/repository/com/google/code/findbugs/jsr305/3.0.2/jsr305-3.0.2.jar:/Users/jc/.m2/repository/org/checkerframework/checker-compat-qual/2.0.0/checker-compat-qual-2.0.0.jar:/Users/jc/.m2/repository/com/google/errorprone/error_prone_annotations/2.1.3/error_prone_annotations-2.1.3.jar:/Users/jc/.m2/repository/com/google/j2objc/j2objc-annotations/1.1/j2objc-annotations-1.1.jar:/Users/jc/.m2/repository/org/codehaus/mojo/animal-sniffer-annotations/1.14/animal-sniffer-annotations-1.14.jar:/Users/jc/.m2/repository/org/yaml/snakeyaml/1.21/snakeyaml-1.21.jar:/Users/jc/.m2/repository/org/assertj/assertj-core/3.23.1/assertj-core-3.23.1.jar:/Users/jc/.m2/repository/net/bytebuddy/byte-buddy/1.12.10/byte-buddy-1.12.10.jar:"/>
    <property name="java.vm.vendor" value="Homebrew"/>
    <property name="sun.arch.data.model" value="64"/>
    <property name="java.vendor.url" value="https://github.com/Homebrew/homebrew-core/issues"/>
    <property name="os.name" value="Mac OS X"/>
    <property name="java.vm.specification.version" value="18"/>
    <property name="sun.java.launcher" value="SUN_STANDARD"/>
    <property name="user.country" value="US"/>
    <property name="sun.boot.library.path" value="/usr/local/Cellar/openjdk/18.0.2.1/libexec/openjdk.jdk/Contents/Home/lib"/>
    <property name="sun.java.command" value="/Users/jc/dev/GardeningController/GardeningController/target/surefire/surefirebooter1221272263794105634.jar /Users/jc/dev/GardeningController/GardeningController/target/surefire 2022-09-05T19-08-34_648-jvmRun1 surefire17767189832842687984tmp surefire_06910336938169146941tmp"/>
    <property name="http.nonProxyHosts" value="local|*.local|169.254/16|*.169.254/16"/>
    <property name="jdk.debug" value="release"/>
    <property name="surefire.test.class.path" value="/Users/jc/dev/GardeningController/GardeningController/target/test-classes:/Users/jc/dev/GardeningController/GardeningController/target/classes:/Users/jc/.m2/repository/com/google/auto/value/auto-value-annotations/1.6/auto-value-annotations-1.6.jar:/Users/jc/.m2/repository/com/google/auto/value/auto-value/1.7.4/auto-value-1.7.4.jar:/Users/jc/.m2/repository/com/fasterxml/jackson/core/jackson-databind/2.12.0/jackson-databind-2.12.0.jar:/Users/jc/.m2/repository/com/fasterxml/jackson/core/jackson-annotations/2.12.0/jackson-annotations-2.12.0.jar:/Users/jc/.m2/repository/com/fasterxml/jackson/core/jackson-core/2.12.0/jackson-core-2.12.0.jar:/Users/jc/.m2/repository/com/fasterxml/jackson/datatype/jackson-datatype-jsr310/2.13.4/jackson-datatype-jsr310-2.13.4.jar:/Users/jc/.m2/repository/log4j/log4j/1.2.17/log4j-1.2.17.jar:/Users/jc/.m2/repository/com/google/guava/guava-annotations/r03/guava-annotations-r03.jar:/Users/jc/.m2/repository/org/testng/testng/7.3.0/testng-7.3.0.jar:/Users/jc/.m2/repository/com/beust/jcommander/1.78/jcommander-1.78.jar:/Users/jc/.m2/repository/org/apache/ant/ant/1.10.3/ant-1.10.3.jar:/Users/jc/.m2/repository/org/apache/ant/ant-launcher/1.10.3/ant-launcher-1.10.3.jar:/Users/jc/.m2/repository/junit/junit/4.12/junit-4.12.jar:/Users/jc/.m2/repository/org/hamcrest/hamcrest-core/1.3/hamcrest-core-1.3.jar:/Users/jc/.m2/repository/com/google/inject/guice/4.2.2/guice-4.2.2-no_aop.jar:/Users/jc/.m2/repository/javax/inject/javax.inject/1/javax.inject-1.jar:/Users/jc/.m2/repository/aopalliance/aopalliance/1.0/aopalliance-1.0.jar:/Users/jc/.m2/repository/com/google/guava/guava/25.1-android/guava-25.1-android.jar:/Users/jc/.m2/repository/com/google/code/findbugs/jsr305/3.0.2/jsr305-3.0.2.jar:/Users/jc/.m2/repository/org/checkerframework/checker-compat-qual/2.0.0/checker-compat-qual-2.0.0.jar:/Users/jc/.m2/repository/com/google/errorprone/error_prone_annotations/2.1.3/error_prone_annotations-2.1.3.jar:/Users/jc/.m2/repository/com/google/j2objc/j2objc-annotations/1.1/j2objc-annotations-1.1.jar:/Users/jc/.m2/repository/org/codehaus/mojo/animal-sniffer-annotations/1.14/animal-sniffer-annotations-1.14.jar:/Users/jc/.m2/repository/org/yaml/snakeyaml/1.21/snakeyaml-1.21.jar:/Users/jc/.m2/repository/org/assertj/assertj-core/3.23.1/assertj-core-3.23.1.jar:/Users/jc/.m2/repository/net/bytebuddy/byte-buddy/1.12.10/byte-buddy-1.12.10.jar:"/>
    <property name="sun.cpu.endian" value="little"/>
    <property name="user.home" value="/Users/jc"/>
    <property name="user.language" value="en"/>
    <property name="java.specification.vendor" value="Oracle Corporation"/>
    <property name="java.version.date" value="2022-08-18"/>
    <property name="java.home" value="/usr/local/Cellar/openjdk/18.0.2.1/libexec/openjdk.jdk/Contents/Home"/>
    <property name="file.separator" value="/"/>
    <property name="basedir" value="/Users/jc/dev/GardeningController/GardeningController"/>
    <property name="java.vm.compressedOopsMode" value="Zero based"/>
    <property name="line.separator" value="&#10;"/>
    <property name="java.vm.specification.vendor" value="Oracle Corporation"/>
    <property name="java.specification.name" value="Java Platform API Specification"/>
    <property name="apple.awt.application.name" value="ForkedBooter"/>
    <property name="surefire.real.class.path" value="/Users/jc/dev/GardeningController/GardeningController/target/surefire/surefirebooter1221272263794105634.jar"/>
    <property name="sun.management.compiler" value="HotSpot 64-Bit Tiered Compilers"/>
    <property name="ftp.nonProxyHosts" value="local|*.local|169.254/16|*.169.254/16"/>
    <property name="java.runtime.version" value="18.0.2.1+0"/>
    <property name="user.name" value="jc"/>
    <property name="path.separator" value=":"/>
    <property name="os.version" value="12.5.1"/>
    <property name="java.runtime.name" value="OpenJDK Runtime Environment"/>
    <property name="file.encoding" value="UTF-8"/>
    <property name="java.vm.name" value="OpenJDK 64-Bit Server VM"/>
    <property name="java.vendor.version" value="Homebrew"/>
    <property name="localRepository" value="/Users/jc/.m2/repository"/>
    <property name="java.vendor.url.bug" value="https://github.com/Homebrew/homebrew-core/issues"/>
    <property name="java.io.tmpdir" value="/var/folders/k7/30gvjxh91wjbg4p1x86fhm7r0000gn/T/"/>
    <property name="java.version" value="18.0.2.1"/>
    <property name="user.dir" value="/Users/jc/dev/GardeningController/GardeningController"/>
    <property name="os.arch" value="x86_64"/>
    <property name="java.vm.specification.name" value="Java Virtual Machine Specification"/>
    <property name="native.encoding" value="UTF-8"/>
    <property name="java.library.path" value="/Users/jc/Library/Java/Extensions:/Library/Java/Extensions:/Network/Library/Java/Extensions:/System/Library/Java/Extensions:/usr/lib/java:."/>
    <property name="java.vm.info" value="mixed mode, sharing"/>
    <property name="java.vendor" value="Homebrew"/>
    <property name="java.vm.version" value="18.0.2.1+0"/>
    <property name="sun.io.unicode.encoding" value="UnicodeBig"/>
    <property name="socksNonProxyHosts" value="local|*.local|169.254/16|*.169.254/16"/>
    <property name="java.class.version" value="62.0"/>
  </properties>
  <testcase name="testBuilder" classname="earth.cassidy.gardeningcontroller.schedule.DailyScheduleTest" time="0.035"/>
  <testcase name="testSerialization" classname="earth.cassidy.gardeningcontroller.schedule.DailyScheduleTest" time="0.051"/>
  <testcase name="testBuilder" classname="earth.cassidy.gardeningcontroller.schedule.WateringTimeTest" time="0.001"/>
  <testcase name="testSerialization" classname="earth.cassidy.gardeningcontroller.schedule.WateringTimeTest" time="0.001"/>
  <testcase name="testExecuteDayMatches" classname="earth.cassidy.gardeningcontroller.WateringControllerTest" time="0.008"/>
  <testcase name="testExecuteNoDayMatches" classname="earth.cassidy.gardeningcontroller.WateringControllerTest" time="0.001"/>
</testsuite>