<?xml version="1.0" encoding="UTF-8"?>
<testsuite xmlns:xsi="http://www.w3.org/2001/XMLSchema-instance" xsi:noNamespaceSchemaLocation="https://maven.apache.org/surefire/maven-surefire-plugin/xsd/surefire-test-report.xsd" name="TestSuite" time="0.29" tests="2" errors="0" skipped="0" failures="0">
  <properties>
    <property name="java.specification.version" value="15"/>
    <property name="sun.jnu.encoding" value="UTF-8"/>
    <property name="java.class.path" value="/Users/jc/dev/GardeningController/GardeningController/target/test-classes:/Users/jc/dev/GardeningController/GardeningController/target/classes:/Users/jc/.m2/repository/com/google/auto/value/auto-value-annotations/1.6/auto-value-annotations-1.6.jar:/Users/jc/.m2/repository/com/google/auto/value/auto-value/1.7.4/auto-value-1.7.4.jar:/Users/jc/.m2/repository/com/fasterxml/jackson/core/jackson-databind/2.12.0/jackson-databind-2.12.0.jar:/Users/jc/.m2/repository/com/fasterxml/jackson/core/jackson-annotations/2.12.0/jackson-annotations-2.12.0.jar:/Users/jc/.m2/repository/com/fasterxml/jackson/core/jackson-core/2.12.0/jackson-core-2.12.0.jar:/Users/jc/.m2/repository/org/testng/testng/7.3.0/testng-7.3.0.jar:/Users/jc/.m2/repository/com/beust/jcommander/1.78/jcommander-1.78.jar:/Users/jc/.m2/repository/org/apache/ant/ant/1.10.3/ant-1.10.3.jar:/Users/jc/.m2/repository/org/apache/ant/ant-launcher/1.10.3/ant-launcher-1.10.3.jar:/Users/jc/.m2/repository/junit/junit/4.12/junit-4.12.jar:/Users/jc/.m2/repository/org/hamcrest/hamcrest-core/1.3/hamcrest-core-1.3.jar:/Users/jc/.m2/repository/com/google/inject/guice/4.2.2/guice-4.2.2-no_aop.jar:/Users/jc/.m2/repository/javax/inject/javax.inject/1/javax.inject-1.jar:/Users/jc/.m2/repository/aopalliance/aopalliance/1.0/aopalliance-1.0.jar:/Users/jc/.m2/repository/com/google/guava/guava/25.1-android/guava-25.1-android.jar:/Users/jc/.m2/repository/com/google/code/findbugs/jsr305/3.0.2/jsr305-3.0.2.jar:/Users/jc/.m2/repository/org/checkerframework/checker-compat-qual/2.0.0/checker-compat-qual-2.0.0.jar:/Users/jc/.m2/repository/com/google/errorprone/error_prone_annotations/2.1.3/error_prone_annotations-2.1.3.jar:/Users/jc/.m2/repository/com/google/j2objc/j2objc-annotations/1.1/j2objc-annotations-1.1.jar:/Users/jc/.m2/repository/org/codehaus/mojo/animal-sniffer-annotations/1.14/animal-sniffer-annotations-1.14.jar:/Users/jc/.m2/repository/org/yaml/snakeyaml/1.21/snakeyaml-1.21.jar:"/>
    <property name="java.vm.vendor" value="Oracle Corporation"/>
    <property name="sun.arch.data.model" value="64"/>
    <property name="java.vendor.url" value="https://openjdk.java.net/"/>
    <property name="os.name" value="Mac OS X"/>
    <property name="java.vm.specification.version" value="15"/>
    <property name="sun.java.launcher" value="SUN_STANDARD"/>
    <property name="user.country" value="US"/>
    <property name="sun.boot.library.path" value="/usr/local/Cellar/openjdk/15.0.1/libexec/openjdk.jdk/Contents/Home/lib"/>
    <property name="sun.java.command" value="/Users/jc/dev/GardeningController/GardeningController/target/surefire/surefirebooter2375505855255810177.jar /Users/jc/dev/GardeningController/GardeningController/target/surefire 2020-12-13T19-57-36_774-jvmRun1 surefire14821167283230514824tmp surefire_07171423789110809486tmp"/>
    <property name="http.nonProxyHosts" value="local|*.local|169.254/16|*.169.254/16"/>
    <property name="jdk.debug" value="release"/>
    <property name="surefire.test.class.path" value="/Users/jc/dev/GardeningController/GardeningController/target/test-classes:/Users/jc/dev/GardeningController/GardeningController/target/classes:/Users/jc/.m2/repository/com/google/auto/value/auto-value-annotations/1.6/auto-value-annotations-1.6.jar:/Users/jc/.m2/repository/com/google/auto/value/auto-value/1.7.4/auto-value-1.7.4.jar:/Users/jc/.m2/repository/com/fasterxml/jackson/core/jackson-databind/2.12.0/jackson-databind-2.12.0.jar:/Users/jc/.m2/repository/com/fasterxml/jackson/core/jackson-annotations/2.12.0/jackson-annotations-2.12.0.jar:/Users/jc/.m2/repository/com/fasterxml/jackson/core/jackson-core/2.12.0/jackson-core-2.12.0.jar:/Users/jc/.m2/repository/org/testng/testng/7.3.0/testng-7.3.0.jar:/Users/jc/.m2/repository/com/beust/jcommander/1.78/jcommander-1.78.jar:/Users/jc/.m2/repository/org/apache/ant/ant/1.10.3/ant-1.10.3.jar:/Users/jc/.m2/repository/org/apache/ant/ant-launcher/1.10.3/ant-launcher-1.10.3.jar:/Users/jc/.m2/repository/junit/junit/4.12/junit-4.12.jar:/Users/jc/.m2/repository/org/hamcrest/hamcrest-core/1.3/hamcrest-core-1.3.jar:/Users/jc/.m2/repository/com/google/inject/guice/4.2.2/guice-4.2.2-no_aop.jar:/Users/jc/.m2/repository/javax/inject/javax.inject/1/javax.inject-1.jar:/Users/jc/.m2/repository/aopalliance/aopalliance/1.0/aopalliance-1.0.jar:/Users/jc/.m2/repository/com/google/guava/guava/25.1-android/guava-25.1-android.jar:/Users/jc/.m2/repository/com/google/code/findbugs/jsr305/3.0.2/jsr305-3.0.2.jar:/Users/jc/.m2/repository/org/checkerframework/checker-compat-qual/2.0.0/checker-compat-qual-2.0.0.jar:/Users/jc/.m2/repository/com/google/errorprone/error_prone_annotations/2.1.3/error_prone_annotations-2.1.3.jar:/Users/jc/.m2/repository/com/google/j2objc/j2objc-annotations/1.1/j2objc-annotations-1.1.jar:/Users/jc/.m2/repository/org/codehaus/mojo/animal-sniffer-annotations/1.14/animal-sniffer-annotations-1.14.jar:/Users/jc/.m2/repository/org/yaml/snakeyaml/1.21/snakeyaml-1.21.jar:"/>
    <property name="sun.cpu.endian" value="little"/>
    <property name="user.home" value="/Users/jc"/>
    <property name="user.language" value="en"/>
    <property name="java.specification.vendor" value="Oracle Corporation"/>
    <property name="java.version.date" value="2020-10-20"/>
    <property name="java.home" value="/usr/local/Cellar/openjdk/15.0.1/libexec/openjdk.jdk/Contents/Home"/>
    <property name="file.separator" value="/"/>
    <property name="basedir" value="/Users/jc/dev/GardeningController/GardeningController"/>
    <property name="java.vm.compressedOopsMode" value="Zero based"/>
    <property name="line.separator" value="&#10;"/>
    <property name="java.specification.name" value="Java Platform API Specification"/>
    <property name="java.vm.specification.vendor" value="Oracle Corporation"/>
    <property name="surefire.real.class.path" value="/Users/jc/dev/GardeningController/GardeningController/target/surefire/surefirebooter2375505855255810177.jar"/>
    <property name="sun.management.compiler" value="HotSpot 64-Bit Tiered Compilers"/>
    <property name="ftp.nonProxyHosts" value="local|*.local|169.254/16|*.169.254/16"/>
    <property name="java.runtime.version" value="15.0.1+9"/>
    <property name="user.name" value="jc"/>
    <property name="path.separator" value=":"/>
    <property name="os.version" value="11.0.1"/>
    <property name="java.runtime.name" value="OpenJDK Runtime Environment"/>
    <property name="file.encoding" value="UTF-8"/>
    <property name="java.vm.name" value="OpenJDK 64-Bit Server VM"/>
    <property name="localRepository" value="/Users/jc/.m2/repository"/>
    <property name="java.vendor.url.bug" value="https://bugreport.java.com/bugreport/"/>
    <property name="java.io.tmpdir" value="/var/folders/k7/30gvjxh91wjbg4p1x86fhm7r0000gn/T/"/>
    <property name="java.version" value="15.0.1"/>
    <property name="user.dir" value="/Users/jc/dev/GardeningController/GardeningController"/>
    <property name="os.arch" value="x86_64"/>
    <property name="java.vm.specification.name" value="Java Virtual Machine Specification"/>
    <property name="java.library.path" value="/Users/jc/Library/Java/Extensions:/Library/Java/Extensions:/Network/Library/Java/Extensions:/System/Library/Java/Extensions:/usr/lib/java:."/>
    <property name="java.vm.info" value="mixed mode, sharing"/>
    <property name="java.vendor" value="N/A"/>
    <property name="java.vm.version" value="15.0.1+9"/>
    <property name="sun.io.unicode.encoding" value="UnicodeBig"/>
    <property name="socksNonProxyHosts" value="local|*.local|169.254/16|*.169.254/16"/>
    <property name="java.class.version" value="59.0"/>
  </properties>
  <testcase name="testBuilder" classname="earth.cassidy.gardeningcontroller.schedule.OperationListTest" time="0.004"/>
  <testcase name="shouldAnswerWithTrue on shouldAnswerWithTrue(earth.cassidy.gardeningcontroller.AppTest)" classname="earth.cassidy.gardeningcontroller.AppTest" time="0.001"/>
</testsuite>