<?xml version="1.0" encoding="UTF-8"?>
<!-- Generated by org.testng.reporters.JUnitReportReporter -->
<testsuite hostname="MacBook-Pro.localdomain" failures="0" tests="1" name="earth.cassidy.gardeningcontroller.schedule.OperationListTest" time="0.003" errors="0" timestamp="2020-12-13T19:57:38 PST" skipped="0">
  <testcase classname="earth.cassidy.gardeningcontroller.schedule.OperationListTest" name="testBuilder" time="0.003"/>
  <system-out/>
</testsuite> <!-- earth.cassidy.gardeningcontroller.schedule.OperationListTest -->
